{"E:\\rocketseeat\\ignite\\aulas_node\\api-fundamentals\\src\\app.ts": {"path":"E:\\rocketseeat\\ignite\\aulas_node\\api-fundamentals\\src\\app.ts","statementMap":{"0":{"start":{"line":16,"column":6},"end":{"line":26,"column":null}},"1":{"start":{"line":28,"column":0},"end":{"line":42,"column":null}},"2":{"start":{"line":29,"column":2},"end":{"line":37,"column":null}},"3":{"start":{"line":39,"column":2},"end":{"line":41,"column":null}},"4":{"start":{"line":44,"column":0},"end":{"line":44,"column":null}},"5":{"start":{"line":45,"column":0},"end":{"line":45,"column":null}},"6":{"start":{"line":47,"column":0},"end":{"line":47,"column":null}},"7":{"start":{"line":48,"column":0},"end":{"line":48,"column":null}},"8":{"start":{"line":49,"column":0},"end":{"line":49,"column":null}},"9":{"start":{"line":50,"column":0},"end":{"line":50,"column":null}}},"fnMap":{},"branchMap":{"0":{"loc":{"start":{"line":28,"column":0},"end":{"line":42,"column":null}},"type":"if","locations":[{"start":{"line":28,"column":0},"end":{"line":42,"column":null}},{"start":{},"end":{}}],"line":28}},"s":{"0":1,"1":1,"2":0,"3":0,"4":1,"5":1,"6":1,"7":1,"8":1,"9":1},"f":{},"b":{"0":[0,1]},"meta":{"lastBranch":1,"lastFunction":0,"lastStatement":10,"seen":{"s:16:6:26:Infinity":0,"b:28:0:42:Infinity:undefined:undefined:undefined:undefined":0,"s:28:0:42:Infinity":1,"s:29:2:37:Infinity":2,"s:39:2:41:Infinity":3,"s:44:0:44:Infinity":4,"s:45:0:45:Infinity":5,"s:47:0:47:Infinity":6,"s:48:0:48:Infinity":7,"s:49:0:49:Infinity":8,"s:50:0:50:Infinity":9}}}
,"E:\\rocketseeat\\ignite\\aulas_node\\api-fundamentals\\src\\database\\client.ts": {"path":"E:\\rocketseeat\\ignite\\aulas_node\\api-fundamentals\\src\\database\\client.ts","statementMap":{"0":{"start":{"line":3,"column":13},"end":{"line":5,"column":null}}},"fnMap":{},"branchMap":{},"s":{"0":1},"f":{},"b":{},"meta":{"lastBranch":0,"lastFunction":0,"lastStatement":1,"seen":{"s:3:13:5:Infinity":0}}}
,"E:\\rocketseeat\\ignite\\aulas_node\\api-fundamentals\\src\\database\\schema.ts": {"path":"E:\\rocketseeat\\ignite\\aulas_node\\api-fundamentals\\src\\database\\schema.ts","statementMap":{"0":{"start":{"line":5,"column":13},"end":{"line":5,"column":null}},"1":{"start":{"line":7,"column":13},"end":{"line":13,"column":null}},"2":{"start":{"line":15,"column":13},"end":{"line":19,"column":null}},"3":{"start":{"line":21,"column":13},"end":{"line":28,"column":null}},"4":{"start":{"line":23,"column":44},"end":{"line":23,"column":52}},"5":{"start":{"line":24,"column":46},"end":{"line":24,"column":56}},"6":{"start":{"line":26,"column":12},"end":{"line":28,"column":1}}},"fnMap":{"0":{"name":"(anonymous_0)","decl":{"start":{"line":23,"column":38},"end":{"line":23,"column":44}},"loc":{"start":{"line":23,"column":44},"end":{"line":23,"column":52}},"line":23},"1":{"name":"(anonymous_1)","decl":{"start":{"line":24,"column":40},"end":{"line":24,"column":46}},"loc":{"start":{"line":24,"column":46},"end":{"line":24,"column":56}},"line":24},"2":{"name":"(anonymous_2)","decl":{"start":{"line":26,"column":3},"end":{"line":26,"column":12}},"loc":{"start":{"line":26,"column":12},"end":{"line":28,"column":1}},"line":26}},"branchMap":{},"s":{"0":1,"1":1,"2":1,"3":1,"4":0,"5":0,"6":0},"f":{"0":0,"1":0,"2":0},"b":{},"meta":{"lastBranch":0,"lastFunction":3,"lastStatement":7,"seen":{"s:5:13:5:Infinity":0,"s:7:13:13:Infinity":1,"s:15:13:19:Infinity":2,"s:21:13:28:Infinity":3,"f:23:38:23:44":0,"s:23:44:23:52":4,"f:24:40:24:46":1,"s:24:46:24:56":5,"f:26:3:26:12":2,"s:26:12:28:1":6}}}
,"E:\\rocketseeat\\ignite\\aulas_node\\api-fundamentals\\src\\routes\\create-courses.ts": {"path":"E:\\rocketseeat\\ignite\\aulas_node\\api-fundamentals\\src\\routes\\create-courses.ts","statementMap":{"0":{"start":{"line":9,"column":57},"end":{"line":39,"column":null}},"1":{"start":{"line":10,"column":2},"end":{"line":38,"column":null}},"2":{"start":{"line":29,"column":26},"end":{"line":29,"column":null}},"3":{"start":{"line":31,"column":21},"end":{"line":34,"column":null}},"4":{"start":{"line":36,"column":6},"end":{"line":36,"column":null}}},"fnMap":{"0":{"name":"(anonymous_0)","decl":{"start":{"line":9,"column":57},"end":{"line":9,"column":64}},"loc":{"start":{"line":9,"column":75},"end":{"line":39,"column":null}},"line":9},"1":{"name":"(anonymous_1)","decl":{"start":{"line":28,"column":4},"end":{"line":28,"column":11}},"loc":{"start":{"line":28,"column":24},"end":{"line":37,"column":null}},"line":28}},"branchMap":{},"s":{"0":1,"1":1,"2":0,"3":0,"4":0},"f":{"0":1,"1":0},"b":{},"meta":{"lastBranch":0,"lastFunction":2,"lastStatement":5,"seen":{"s:9:57:39:Infinity":0,"f:9:57:9:64":0,"s:10:2:38:Infinity":1,"f:28:4:28:11":1,"s:29:26:29:Infinity":2,"s:31:21:34:Infinity":3,"s:36:6:36:Infinity":4}}}
,"E:\\rocketseeat\\ignite\\aulas_node\\api-fundamentals\\src\\routes\\get-course-by-id.ts": {"path":"E:\\rocketseeat\\ignite\\aulas_node\\api-fundamentals\\src\\routes\\get-course-by-id.ts","statementMap":{"0":{"start":{"line":10,"column":57},"end":{"line":53,"column":null}},"1":{"start":{"line":11,"column":2},"end":{"line":52,"column":null}},"2":{"start":{"line":36,"column":12},"end":{"line":36,"column":null}},"3":{"start":{"line":38,"column":23},"end":{"line":38,"column":null}},"4":{"start":{"line":40,"column":21},"end":{"line":43,"column":null}},"5":{"start":{"line":45,"column":6},"end":{"line":47,"column":null}},"6":{"start":{"line":46,"column":8},"end":{"line":46,"column":null}},"7":{"start":{"line":50,"column":6},"end":{"line":50,"column":null}}},"fnMap":{"0":{"name":"(anonymous_0)","decl":{"start":{"line":10,"column":57},"end":{"line":10,"column":64}},"loc":{"start":{"line":10,"column":75},"end":{"line":53,"column":null}},"line":10},"1":{"name":"(anonymous_1)","decl":{"start":{"line":34,"column":7},"end":{"line":34,"column":14}},"loc":{"start":{"line":34,"column":27},"end":{"line":51,"column":null}},"line":34}},"branchMap":{"0":{"loc":{"start":{"line":45,"column":6},"end":{"line":47,"column":null}},"type":"if","locations":[{"start":{"line":45,"column":6},"end":{"line":47,"column":null}},{"start":{},"end":{}}],"line":45}},"s":{"0":1,"1":1,"2":1,"3":1,"4":1,"5":1,"6":1,"7":0},"f":{"0":1,"1":1},"b":{"0":[1,0]},"meta":{"lastBranch":1,"lastFunction":2,"lastStatement":8,"seen":{"s:10:57:53:Infinity":0,"f:10:57:10:64":0,"s:11:2:52:Infinity":1,"f:34:7:34:14":1,"s:36:12:36:Infinity":2,"s:38:23:38:Infinity":3,"s:40:21:43:Infinity":4,"b:45:6:47:Infinity:undefined:undefined:undefined:undefined":0,"s:45:6:47:Infinity":5,"s:46:8:46:Infinity":6,"s:50:6:50:Infinity":7}}}
,"E:\\rocketseeat\\ignite\\aulas_node\\api-fundamentals\\src\\routes\\get-courses.ts": {"path":"E:\\rocketseeat\\ignite\\aulas_node\\api-fundamentals\\src\\routes\\get-courses.ts","statementMap":{"0":{"start":{"line":10,"column":54},"end":{"line":67,"column":null}},"1":{"start":{"line":11,"column":2},"end":{"line":66,"column":null}},"2":{"start":{"line":39,"column":40},"end":{"line":39,"column":null}},"3":{"start":{"line":41,"column":32},"end":{"line":41,"column":null}},"4":{"start":{"line":43,"column":6},"end":{"line":45,"column":null}},"5":{"start":{"line":44,"column":8},"end":{"line":44,"column":null}},"6":{"start":{"line":47,"column":29},"end":{"line":62,"column":null}},"7":{"start":{"line":64,"column":6},"end":{"line":64,"column":null}}},"fnMap":{"0":{"name":"(anonymous_0)","decl":{"start":{"line":10,"column":54},"end":{"line":10,"column":61}},"loc":{"start":{"line":10,"column":72},"end":{"line":67,"column":null}},"line":10},"1":{"name":"(anonymous_1)","decl":{"start":{"line":38,"column":4},"end":{"line":38,"column":11}},"loc":{"start":{"line":38,"column":24},"end":{"line":65,"column":null}},"line":38}},"branchMap":{"0":{"loc":{"start":{"line":43,"column":6},"end":{"line":45,"column":null}},"type":"if","locations":[{"start":{"line":43,"column":6},"end":{"line":45,"column":null}},{"start":{},"end":{}}],"line":43}},"s":{"0":1,"1":1,"2":0,"3":0,"4":0,"5":0,"6":0,"7":0},"f":{"0":1,"1":0},"b":{"0":[0,0]},"meta":{"lastBranch":1,"lastFunction":2,"lastStatement":8,"seen":{"s:10:54:67:Infinity":0,"f:10:54:10:61":0,"s:11:2:66:Infinity":1,"f:38:4:38:11":1,"s:39:40:39:Infinity":2,"s:41:32:41:Infinity":3,"b:43:6:45:Infinity:undefined:undefined:undefined:undefined":0,"s:43:6:45:Infinity":4,"s:44:8:44:Infinity":5,"s:47:29:62:Infinity":6,"s:64:6:64:Infinity":7}}}
,"E:\\rocketseeat\\ignite\\aulas_node\\api-fundamentals\\src\\routes\\login.ts": {"path":"E:\\rocketseeat\\ignite\\aulas_node\\api-fundamentals\\src\\routes\\login.ts","statementMap":{"0":{"start":{"line":10,"column":49},"end":{"line":53,"column":null}},"1":{"start":{"line":11,"column":2},"end":{"line":52,"column":null}},"2":{"start":{"line":28,"column":34},"end":{"line":28,"column":null}},"3":{"start":{"line":30,"column":21},"end":{"line":30,"column":null}},"4":{"start":{"line":32,"column":6},"end":{"line":34,"column":null}},"5":{"start":{"line":33,"column":8},"end":{"line":33,"column":null}},"6":{"start":{"line":36,"column":19},"end":{"line":36,"column":null}},"7":{"start":{"line":38,"column":32},"end":{"line":38,"column":null}},"8":{"start":{"line":40,"column":6},"end":{"line":42,"column":null}},"9":{"start":{"line":41,"column":8},"end":{"line":41,"column":null}},"10":{"start":{"line":44,"column":6},"end":{"line":46,"column":null}},"11":{"start":{"line":45,"column":8},"end":{"line":45,"column":null}},"12":{"start":{"line":48,"column":20},"end":{"line":48,"column":null}},"13":{"start":{"line":50,"column":6},"end":{"line":50,"column":null}}},"fnMap":{"0":{"name":"(anonymous_0)","decl":{"start":{"line":10,"column":49},"end":{"line":10,"column":56}},"loc":{"start":{"line":10,"column":67},"end":{"line":53,"column":null}},"line":10},"1":{"name":"(anonymous_1)","decl":{"start":{"line":27,"column":4},"end":{"line":27,"column":11}},"loc":{"start":{"line":27,"column":24},"end":{"line":51,"column":null}},"line":27}},"branchMap":{"0":{"loc":{"start":{"line":32,"column":6},"end":{"line":34,"column":null}},"type":"if","locations":[{"start":{"line":32,"column":6},"end":{"line":34,"column":null}},{"start":{},"end":{}}],"line":32},"1":{"loc":{"start":{"line":40,"column":6},"end":{"line":42,"column":null}},"type":"if","locations":[{"start":{"line":40,"column":6},"end":{"line":42,"column":null}},{"start":{},"end":{}}],"line":40},"2":{"loc":{"start":{"line":44,"column":6},"end":{"line":46,"column":null}},"type":"if","locations":[{"start":{"line":44,"column":6},"end":{"line":46,"column":null}},{"start":{},"end":{}}],"line":44}},"s":{"0":1,"1":1,"2":0,"3":0,"4":0,"5":0,"6":0,"7":0,"8":0,"9":0,"10":0,"11":0,"12":0,"13":0},"f":{"0":1,"1":0},"b":{"0":[0,0],"1":[0,0],"2":[0,0]},"meta":{"lastBranch":3,"lastFunction":2,"lastStatement":14,"seen":{"s:10:49:53:Infinity":0,"f:10:49:10:56":0,"s:11:2:52:Infinity":1,"f:27:4:27:11":1,"s:28:34:28:Infinity":2,"s:30:21:30:Infinity":3,"b:32:6:34:Infinity:undefined:undefined:undefined:undefined":0,"s:32:6:34:Infinity":4,"s:33:8:33:Infinity":5,"s:36:19:36:Infinity":6,"s:38:32:38:Infinity":7,"b:40:6:42:Infinity:undefined:undefined:undefined:undefined":1,"s:40:6:42:Infinity":8,"s:41:8:41:Infinity":9,"b:44:6:46:Infinity:undefined:undefined:undefined:undefined":2,"s:44:6:46:Infinity":10,"s:45:8:45:Infinity":11,"s:48:20:48:Infinity":12,"s:50:6:50:Infinity":13}}}
,"E:\\rocketseeat\\ignite\\aulas_node\\api-fundamentals\\src\\routes\\hooks\\check-request-jwt.ts": {"path":"E:\\rocketseeat\\ignite\\aulas_node\\api-fundamentals\\src\\routes\\hooks\\check-request-jwt.ts","statementMap":{"0":{"start":{"line":10,"column":16},"end":{"line":10,"column":null}},"1":{"start":{"line":12,"column":2},"end":{"line":14,"column":null}},"2":{"start":{"line":13,"column":4},"end":{"line":13,"column":null}},"3":{"start":{"line":16,"column":3},"end":{"line":18,"column":null}},"4":{"start":{"line":17,"column":5},"end":{"line":17,"column":null}},"5":{"start":{"line":20,"column":3},"end":{"line":26,"column":null}},"6":{"start":{"line":21,"column":21},"end":{"line":21,"column":null}},"7":{"start":{"line":23,"column":5},"end":{"line":23,"column":null}},"8":{"start":{"line":25,"column":6},"end":{"line":25,"column":null}}},"fnMap":{"0":{"name":"checkRequestJwt","decl":{"start":{"line":9,"column":22},"end":{"line":9,"column":38}},"loc":{"start":{"line":9,"column":84},"end":{"line":27,"column":null}},"line":9}},"branchMap":{"0":{"loc":{"start":{"line":12,"column":2},"end":{"line":14,"column":null}},"type":"if","locations":[{"start":{"line":12,"column":2},"end":{"line":14,"column":null}},{"start":{},"end":{}}],"line":12},"1":{"loc":{"start":{"line":16,"column":3},"end":{"line":18,"column":null}},"type":"if","locations":[{"start":{"line":16,"column":3},"end":{"line":18,"column":null}},{"start":{},"end":{}}],"line":16}},"s":{"0":1,"1":1,"2":0,"3":1,"4":0,"5":1,"6":1,"7":1,"8":0},"f":{"0":1},"b":{"0":[0,1],"1":[0,1]},"meta":{"lastBranch":2,"lastFunction":1,"lastStatement":9,"seen":{"f:9:22:9:38":0,"s:10:16:10:Infinity":0,"b:12:2:14:Infinity:undefined:undefined:undefined:undefined":0,"s:12:2:14:Infinity":1,"s:13:4:13:Infinity":2,"b:16:3:18:Infinity:undefined:undefined:undefined:undefined":1,"s:16:3:18:Infinity":3,"s:17:5:17:Infinity":4,"s:20:3:26:Infinity":5,"s:21:21:21:Infinity":6,"s:23:5:23:Infinity":7,"s:25:6:25:Infinity":8}}}
,"E:\\rocketseeat\\ignite\\aulas_node\\api-fundamentals\\src\\routes\\hooks\\check-user-role.ts": {"path":"E:\\rocketseeat\\ignite\\aulas_node\\api-fundamentals\\src\\routes\\hooks\\check-user-role.ts","statementMap":{"0":{"start":{"line":6,"column":2},"end":{"line":12,"column":null}},"1":{"start":{"line":7,"column":10},"end":{"line":7,"column":null}},"2":{"start":{"line":9,"column":4},"end":{"line":11,"column":null}},"3":{"start":{"line":10,"column":6},"end":{"line":10,"column":null}}},"fnMap":{"0":{"name":"checkUserRole","decl":{"start":{"line":5,"column":16},"end":{"line":5,"column":30}},"loc":{"start":{"line":5,"column":59},"end":{"line":13,"column":null}},"line":5},"1":{"name":"(anonymous_1)","decl":{"start":{"line":6,"column":9},"end":{"line":6,"column":25}},"loc":{"start":{"line":6,"column":71},"end":{"line":12,"column":null}},"line":6}},"branchMap":{"0":{"loc":{"start":{"line":9,"column":4},"end":{"line":11,"column":null}},"type":"if","locations":[{"start":{"line":9,"column":4},"end":{"line":11,"column":null}},{"start":{},"end":{}}],"line":9}},"s":{"0":2,"1":0,"2":0,"3":0},"f":{"0":2,"1":0},"b":{"0":[0,0]},"meta":{"lastBranch":1,"lastFunction":2,"lastStatement":4,"seen":{"f:5:16:5:30":0,"s:6:2:12:Infinity":0,"f:6:9:6:25":1,"s:7:10:7:Infinity":1,"b:9:4:11:Infinity:undefined:undefined:undefined:undefined":0,"s:9:4:11:Infinity":2,"s:10:6:10:Infinity":3}}}
,"E:\\rocketseeat\\ignite\\aulas_node\\api-fundamentals\\src\\routes\\utils\\get-authenticated-user-from-request.ts": {"path":"E:\\rocketseeat\\ignite\\aulas_node\\api-fundamentals\\src\\routes\\utils\\get-authenticated-user-from-request.ts","statementMap":{"0":{"start":{"line":4,"column":15},"end":{"line":4,"column":null}},"1":{"start":{"line":6,"column":2},"end":{"line":8,"column":null}},"2":{"start":{"line":7,"column":4},"end":{"line":7,"column":null}},"3":{"start":{"line":10,"column":2},"end":{"line":10,"column":null}}},"fnMap":{"0":{"name":"getAuthenticatedUserFromRequest","decl":{"start":{"line":3,"column":16},"end":{"line":3,"column":48}},"loc":{"start":{"line":3,"column":73},"end":{"line":11,"column":null}},"line":3}},"branchMap":{"0":{"loc":{"start":{"line":6,"column":2},"end":{"line":8,"column":null}},"type":"if","locations":[{"start":{"line":6,"column":2},"end":{"line":8,"column":null}},{"start":{},"end":{}}],"line":6}},"s":{"0":1,"1":1,"2":0,"3":1},"f":{"0":1},"b":{"0":[0,1]},"meta":{"lastBranch":1,"lastFunction":1,"lastStatement":4,"seen":{"f:3:16:3:48":0,"s:4:15:4:Infinity":0,"b:6:2:8:Infinity:undefined:undefined:undefined:undefined":0,"s:6:2:8:Infinity":1,"s:7:4:7:Infinity":2,"s:10:2:10:Infinity":3}}}
,"E:\\rocketseeat\\ignite\\aulas_node\\api-fundamentals\\src\\tests\\factories\\make-course.ts": {"path":"E:\\rocketseeat\\ignite\\aulas_node\\api-fundamentals\\src\\tests\\factories\\make-course.ts","statementMap":{"0":{"start":{"line":6,"column":17},"end":{"line":8,"column":null}},"1":{"start":{"line":10,"column":2},"end":{"line":10,"column":null}}},"fnMap":{"0":{"name":"makeCourse","decl":{"start":{"line":5,"column":22},"end":{"line":5,"column":33}},"loc":{"start":{"line":5,"column":49},"end":{"line":11,"column":null}},"line":5}},"branchMap":{"0":{"loc":{"start":{"line":7,"column":11},"end":{"line":7,"column":null}},"type":"binary-expr","locations":[{"start":{"line":7,"column":11},"end":{"line":7,"column":20}},{"start":{"line":7,"column":20},"end":{"line":7,"column":null}}],"line":7}},"s":{"0":1,"1":1},"f":{"0":1},"b":{"0":[1,1]},"meta":{"lastBranch":1,"lastFunction":1,"lastStatement":2,"seen":{"f:5:22:5:33":0,"s:6:17:8:Infinity":0,"b:7:11:7:20:7:20:7:Infinity":0,"s:10:2:10:Infinity":1}}}
,"E:\\rocketseeat\\ignite\\aulas_node\\api-fundamentals\\src\\tests\\factories\\make-user.ts": {"path":"E:\\rocketseeat\\ignite\\aulas_node\\api-fundamentals\\src\\tests\\factories\\make-user.ts","statementMap":{"0":{"start":{"line":9,"column":8},"end":{"line":9,"column":null}},"1":{"start":{"line":11,"column":17},"end":{"line":19,"column":null}},"2":{"start":{"line":21,"column":2},"end":{"line":24,"column":null}},"3":{"start":{"line":28,"column":19},"end":{"line":28,"column":null}},"4":{"start":{"line":30,"column":2},"end":{"line":32,"column":null}},"5":{"start":{"line":31,"column":4},"end":{"line":31,"column":null}},"6":{"start":{"line":34,"column":16},"end":{"line":34,"column":null}},"7":{"start":{"line":36,"column":2},"end":{"line":36,"column":null}}},"fnMap":{"0":{"name":"makeUser","decl":{"start":{"line":8,"column":22},"end":{"line":8,"column":31}},"loc":{"start":{"line":8,"column":61},"end":{"line":25,"column":null}},"line":8},"1":{"name":"makeAuthenticatedUser","decl":{"start":{"line":27,"column":22},"end":{"line":27,"column":44}},"loc":{"start":{"line":27,"column":73},"end":{"line":38,"column":null}},"line":27}},"branchMap":{"0":{"loc":{"start":{"line":30,"column":2},"end":{"line":32,"column":null}},"type":"if","locations":[{"start":{"line":30,"column":2},"end":{"line":32,"column":null}},{"start":{},"end":{}}],"line":30}},"s":{"0":2,"1":2,"2":2,"3":2,"4":2,"5":0,"6":2,"7":2},"f":{"0":2,"1":2},"b":{"0":[0,2]},"meta":{"lastBranch":1,"lastFunction":2,"lastStatement":8,"seen":{"f:8:22:8:31":0,"s:9:8:9:Infinity":0,"s:11:17:19:Infinity":1,"s:21:2:24:Infinity":2,"f:27:22:27:44":1,"s:28:19:28:Infinity":3,"b:30:2:32:Infinity:undefined:undefined:undefined:undefined":0,"s:30:2:32:Infinity":4,"s:31:4:31:Infinity":5,"s:34:16:34:Infinity":6,"s:36:2:36:Infinity":7}}}
}
